<?xml version="1.0" encoding="UTF-8"?>
<!-- Generated by org.testng.reporters.JUnitReportReporter -->
<testsuite hostname="Test" name="com.qtpselenium.core.coreFramework.testcases.DummyTestCase1" tests="5" failures="0" timestamp="31 Aug 2016 13:04:53 GMT" time="0.075" errors="0">
  <testcase name="testA2" time="0.005" classname="com.qtpselenium.core.coreFramework.testcases.DummyTestCase1"/>
  <testcase name="testA3" time="0.013" classname="com.qtpselenium.core.coreFramework.testcases.DummyTestCase1"/>
  <testcase name="testA2" time="0.006" classname="com.qtpselenium.core.coreFramework.testcases.DummyTestCase1"/>
  <testcase name="testA1" time="0.025" classname="com.qtpselenium.core.coreFramework.testcases.DummyTestCase1"/>
  <testcase name="testA2" time="0.026" classname="com.qtpselenium.core.coreFramework.testcases.DummyTestCase1"/>
</testsuite> <!-- com.qtpselenium.core.coreFramework.testcases.DummyTestCase1 -->
