<?xml version="1.0" encoding="UTF-8"?>
<!-- Generated by org.testng.reporters.JUnitReportReporter -->
<testsuite hostname="Test" name="com.qtpselenium.core.coreFramework.testcases.DummyTestCase1" tests="3" failures="0" timestamp="30 Aug 2016 18:19:37 GMT" time="15.586" errors="0">
  <testcase name="testA1" time="15.581" classname="com.qtpselenium.core.coreFramework.testcases.DummyTestCase1"/>
  <testcase name="testA3" time="0.000" classname="com.qtpselenium.core.coreFramework.testcases.DummyTestCase1"/>
  <testcase name="testA2" time="0.005" classname="com.qtpselenium.core.coreFramework.testcases.DummyTestCase1"/>
</testsuite> <!-- com.qtpselenium.core.coreFramework.testcases.DummyTestCase1 -->
